<?xml version="1.0" encoding="UTF-8"?>
<!-- Generated by org.testng.reporters.JUnitReportReporter -->
<testsuite hostname="DESKTOP-9NG3GCD" failures="0" tests="1" name="TestRunner.CucumberTestRunner" time="7.337" errors="0" timestamp="2025-08-23T12:03:25 IST" skipped="0">
  <testcase classname="TestRunner.CucumberTestRunner" name="runScenario" time="7.337"/>
</testsuite> <!-- TestRunner.CucumberTestRunner -->
