<?xml version="1.0" encoding="UTF-8"?>
<!-- Generated by org.testng.reporters.JUnitReportReporter -->
<testsuite hostname="DESKTOP-9NG3GCD" failures="0" tests="1" name="TestRunner.CucumberTestRunner" time="27.060" errors="0" timestamp="2025-08-24T14:38:01 IST" skipped="0">
  <testcase classname="TestRunner.CucumberTestRunner" name="runScenario" time="27.060"/>
</testsuite> <!-- TestRunner.CucumberTestRunner -->
